<?xml version="1.0" encoding="UTF-8"?>
<distributedTestRunResult type="FAILED_TO_LAUNCH">
    <testRunResult type="FAILED_TO_LAUNCH" url="http://localhost:8080/jsunit">
        <platform>
            <name>Windows</name>
            <logoPath>/jsunit/images/logo_windows.gif</logoPath>
        </platform>
        <properties>
            <property name="os" value="x86 - Windows XP"/>
            <property name="ipAddress" value="192.168.1.103"/>
            <property name="hostname" value="EHIEATT-CORP.corp.google.com"/>
        </properties>
        <browserResult type="FAILED_TO_LAUNCH">
            <browser>
                <fullFileName>bin/winxp/start-opera.bat;;Opera 8.52</fullFileName>
                <id>2</id>
                <displayName>Opera 8.52</displayName>
                <logoPath>/jsunit/images/logo_opera.gif</logoPath>
            </browser>
            <properties>
                <property name="serverSideExceptionStackTrace"><![CDATA[java.io.IOException: CreateProcess: bin\winxp\start-opera.bat http://EHIEATT-CORP.corp.google.com:9090/jsunit/testRunner.html?testPage=http%3A%2F%2FEHIEATT-CORP.corp.google.com%3A9090%2Fjsunit%2Fuploaded%2Fuploaded_1146113937464.html%26resultId%3D1146113937464&autoRun=true&browserId=2&submitResults=localhost:8080/jsunit/acceptor error=2
	at java.lang.ProcessImpl.create(Native Method)
	at java.lang.ProcessImpl.<init>(ProcessImpl.java:81)
	at java.lang.ProcessImpl.start(ProcessImpl.java:30)
	at java.lang.ProcessBuilder.start(ProcessBuilder.java:451)
	at java.lang.Runtime.exec(Runtime.java:591)
	at java.lang.Runtime.exec(Runtime.java:464)
	at net.jsunit.DefaultProcessStarter.execute(DefaultProcessStarter.java:8)
	at net.jsunit.JsUnitServer.launchBrowserTestRun(JsUnitStandardServer.java:139)
	at net.jsunit.TestRunManager.runTests(TestRunManager.java:75)
	at net.jsunit.action.TestRunnerAction.execute(TestRunnerAction.java:40)
	at sun.reflect.NativeMethodAccessorImpl.invoke0(Native Method)
	at sun.reflect.NativeMethodAccessorImpl.invoke(NativeMethodAccessorImpl.java:39)
	at sun.reflect.DelegatingMethodAccessorImpl.invoke(DelegatingMethodAccessorImpl.java:25)
	at java.lang.reflect.Method.invoke(Method.java:585)
	at com.opensymphony.xwork.DefaultActionInvocation.invokeAction(DefaultActionInvocation.java:353)
	at com.opensymphony.xwork.DefaultActionInvocation.invokeActionOnly(DefaultActionInvocation.java:208)
	at com.opensymphony.xwork.DefaultActionInvocation.invoke(DefaultActionInvocation.java:182)
	at net.jsunit.interceptor.JsUnitInterceptor.intercept(JsUnitInterceptor.java:20)
	at com.opensymphony.xwork.DefaultActionInvocation.invoke(DefaultActionInvocation.java:180)
	at net.jsunit.interceptor.JsUnitInterceptor.intercept(JsUnitInterceptor.java:20)
	at com.opensymphony.xwork.DefaultActionInvocation.invoke(DefaultActionInvocation.java:180)
	at net.jsunit.interceptor.JsUnitInterceptor.intercept(JsUnitInterceptor.java:20)
	at com.opensymphony.xwork.DefaultActionInvocation.invoke(DefaultActionInvocation.java:180)
	at net.jsunit.interceptor.SecurityInterceptor.intercept(SecurityInterceptor.java:20)
	at com.opensymphony.xwork.DefaultActionInvocation.invoke(DefaultActionInvocation.java:180)
	at net.jsunit.interceptor.JsUnitInterceptor.intercept(JsUnitInterceptor.java:20)
	at com.opensymphony.xwork.DefaultActionInvocation.invoke(DefaultActionInvocation.java:180)
	at com.opensymphony.xwork.interceptor.AroundInterceptor.intercept(AroundInterceptor.java:32)
	at com.opensymphony.xwork.DefaultActionInvocation.invoke(DefaultActionInvocation.java:180)
	at net.jsunit.interceptor.JsUnitInterceptor.intercept(JsUnitInterceptor.java:20)
	at com.opensymphony.xwork.DefaultActionInvocation.invoke(DefaultActionInvocation.java:180)
	at net.jsunit.interceptor.JsUnitInterceptor.intercept(JsUnitInterceptor.java:20)
	at com.opensymphony.xwork.DefaultActionInvocation.invoke(DefaultActionInvocation.java:180)
	at com.opensymphony.xwork.interceptor.AroundInterceptor.intercept(AroundInterceptor.java:32)
	at com.opensymphony.xwork.DefaultActionInvocation.invoke(DefaultActionInvocation.java:180)
	at com.opensymphony.xwork.interceptor.AroundInterceptor.intercept(AroundInterceptor.java:32)
	at com.opensymphony.xwork.DefaultActionInvocation.invoke(DefaultActionInvocation.java:180)
	at com.opensymphony.xwork.DefaultActionProxy.execute(DefaultActionProxy.java:117)
	at com.opensymphony.webwork.dispatcher.DispatcherUtils.serviceAction(DispatcherUtils.java:172)
	at com.opensymphony.webwork.dispatcher.ServletDispatcher.service(ServletDispatcher.java:111)
	at javax.servlet.http.HttpServlet.service(HttpServlet.java:689)
	at org.mortbay.jetty.servlet.ServletHolder.handle(ServletHolder.java:428)
	at org.mortbay.jetty.servlet.ServletHandler.dispatch(ServletHandler.java:666)
	at org.mortbay.jetty.servlet.ServletHandler.handle(ServletHandler.java:568)
	at org.mortbay.http.HttpContext.handle(HttpContext.java:1530)
	at org.mortbay.http.HttpContext.handle(HttpContext.java:1482)
	at org.mortbay.http.HttpServer.service(HttpServer.java:909)
	at org.mortbay.http.HttpConnection.service(HttpConnection.java:816)
	at org.mortbay.http.HttpConnection.handleNext(HttpConnection.java:982)
	at org.mortbay.http.HttpConnection.handle(HttpConnection.java:833)
	at org.mortbay.http.SocketListener.handleConnection(SocketListener.java:244)
	at org.mortbay.util.ThreadedServer.handle(ThreadedServer.java:357)
	at org.mortbay.util.ThreadPool$PoolThread.run(ThreadPool.java:534)
]]></property>
            </properties>
        </browserResult>
        <browserResult type="ERROR" id="1146113937464" time="0.921">
            <browser>
                <fullFileName>c:\program files\mozilla firefox\firefox.exe;;Firefox 2.0alpha</fullFileName>
                <id>1</id>
                <displayName>Firefox 2.0alpha</displayName>
                <logoPath>/jsunit/images/logo_firefox.gif</logoPath>
            </browser>
            <properties>
                <property name="jsUnitVersion" value="2.2"/>
                <property name="userAgent"
                          value="Mozilla/5.0 (Windows; U; Windows NT 5.1; en-US; rv:1.8) Gecko/20060321 Firefox/2.0a1"/>
                <property name="remoteAddress" value="127.0.0.1"/>
                <property name="url"
                          value="http://EHIEATT-CORP.corp.google.com:9090/jsunit/uploaded/uploaded_1146113937464.html"/>
            </properties>
            <testCaseResults>
                <testCaseResult type="SUCCESS"
                                name="http://ehieatt-corp.corp.google.com:9090/jsunit/uploaded/uploaded_1146113937464.html:testAssertContains"
                                time="0.0"/>
                <testCaseResult type="SUCCESS"
                                name="http://ehieatt-corp.corp.google.com:9090/jsunit/uploaded/uploaded_1146113937464.html:testAssertRoughlyEquals"
                                time="0.0"/>
                <testCaseResult type="SUCCESS"
                                name="http://ehieatt-corp.corp.google.com:9090/jsunit/uploaded/uploaded_1146113937464.html:testAssertHashEquals"
                                time="0.0"/>
                <testCaseResult type="SUCCESS"
                                name="http://ehieatt-corp.corp.google.com:9090/jsunit/uploaded/uploaded_1146113937464.html:testAssertHTMLEquals"
                                time="0.0"/>
                <testCaseResult type="SUCCESS"
                                name="http://ehieatt-corp.corp.google.com:9090/jsunit/uploaded/uploaded_1146113937464.html:testAssertEvaluatesToFalse"
                                time="0.0"/>
                <testCaseResult type="SUCCESS"
                                name="http://ehieatt-corp.corp.google.com:9090/jsunit/uploaded/uploaded_1146113937464.html:testAssertEvaluatesToTrue"
                                time="0.0"/>
                <testCaseResult type="SUCCESS"
                                name="http://ehieatt-corp.corp.google.com:9090/jsunit/uploaded/uploaded_1146113937464.html:testAssertObjectEqualsOnNumbers"
                                time="0.0"/>
                <testCaseResult type="SUCCESS"
                                name="http://ehieatt-corp.corp.google.com:9090/jsunit/uploaded/uploaded_1146113937464.html:testAssertObjectEqualsOnStrings"
                                time="0.0"/>
                <testCaseResult type="SUCCESS"
                                name="http://ehieatt-corp.corp.google.com:9090/jsunit/uploaded/uploaded_1146113937464.html:testAssertObjectEquals"
                                time="0.0"/>
                <testCaseResult type="SUCCESS"
                                name="http://ehieatt-corp.corp.google.com:9090/jsunit/uploaded/uploaded_1146113937464.html:testAssertArrayEquals"
                                time="0.01"/>
                <testCaseResult type="SUCCESS"
                                name="http://ehieatt-corp.corp.google.com:9090/jsunit/uploaded/uploaded_1146113937464.html:testInvalidArgumentType"
                                time="0.0"/>
                <testCaseResult type="SUCCESS"
                                name="http://ehieatt-corp.corp.google.com:9090/jsunit/uploaded/uploaded_1146113937464.html:testInvalidCommentArgumentType"
                                time="0.0"/>
                <testCaseResult type="SUCCESS"
                                name="http://ehieatt-corp.corp.google.com:9090/jsunit/uploaded/uploaded_1146113937464.html:testTooManyArguments"
                                time="0.0"/>
                <testCaseResult type="SUCCESS"
                                name="http://ehieatt-corp.corp.google.com:9090/jsunit/uploaded/uploaded_1146113937464.html:testTooFewArguments"
                                time="0.0"/>
                <testCaseResult type="SUCCESS"
                                name="http://ehieatt-corp.corp.google.com:9090/jsunit/uploaded/uploaded_1146113937464.html:testFail"
                                time="0.0"/>
                <testCaseResult type="SUCCESS"
                                name="http://ehieatt-corp.corp.google.com:9090/jsunit/uploaded/uploaded_1146113937464.html:testAssertNotNaN"
                                time="0.0"/>
                <testCaseResult type="SUCCESS"
                                name="http://ehieatt-corp.corp.google.com:9090/jsunit/uploaded/uploaded_1146113937464.html:testAssertNaN"
                                time="0.0"/>
                <testCaseResult type="SUCCESS"
                                name="http://ehieatt-corp.corp.google.com:9090/jsunit/uploaded/uploaded_1146113937464.html:testAssertNotUndefined"
                                time="0.0"/>
                <testCaseResult type="SUCCESS"
                                name="http://ehieatt-corp.corp.google.com:9090/jsunit/uploaded/uploaded_1146113937464.html:testAssertUndefined"
                                time="0.0"/>
                <testCaseResult type="SUCCESS"
                                name="http://ehieatt-corp.corp.google.com:9090/jsunit/uploaded/uploaded_1146113937464.html:testAssertNotNull"
                                time="0.0"/>
                <testCaseResult type="SUCCESS"
                                name="http://ehieatt-corp.corp.google.com:9090/jsunit/uploaded/uploaded_1146113937464.html:testAssertNull"
                                time="0.0"/>
                <testCaseResult type="SUCCESS"
                                name="http://ehieatt-corp.corp.google.com:9090/jsunit/uploaded/uploaded_1146113937464.html:testAssertNotEquals"
                                time="0.0"/>
                <testCaseResult type="ERROR"
                                name="http://ehieatt-corp.corp.google.com:9090/jsunit/uploaded/uploaded_1146113937464.html:testAssertEquals"
                                time="0.0">
                    <error>Error message is:&#xD;
                        "ReferenceError: assertEqualssss is not defined"&#xD;
                        &#xD;
                        Stack trace follows:&#xD;

                        testAssertEquals()@http://ehieatt-corp.corp.google.com:9090/jsunit/uploaded/uploaded_1146113937464.html?cacheBuster=1146113938415:33&#xD;
                        ("testAssertEquals")@http://ehieatt-corp.corp.google.com:9090/jsunit/app/jsUnitTestManager.js:352&#xD;
                        ()@http://ehieatt-corp.corp.google.com:9090/jsunit/app/jsUnitTestManager.js:163&#xD;
                        @http://ehieatt-corp.corp.google.com:9090/jsunit/app/jsUnitTestManager.js:167&#xD;
                    </error>
                </testCaseResult>
                <testCaseResult type="ERROR"
                                name="http://ehieatt-corp.corp.google.com:9090/jsunit/uploaded/uploaded_1146113937464.html:testAssertFalse"
                                time="0.0">
                    <error>Error message is:&#xD;
                        "ReferenceError: assertFasdsdlse is not defined"&#xD;
                        &#xD;
                        Stack trace follows:&#xD;
                        testAssertFalse()@http://ehieatt-corp.corp.google.com:9090/jsunit/uploaded/uploaded_1146113937464.html?cacheBuster=1146113938415:27&#xD;

                        ("testAssertFalse")@http://ehieatt-corp.corp.google.com:9090/jsunit/app/jsUnitTestManager.js:352&#xD;
                        ()@http://ehieatt-corp.corp.google.com:9090/jsunit/app/jsUnitTestManager.js:163&#xD;
                        @http://ehieatt-corp.corp.google.com:9090/jsunit/app/jsUnitTestManager.js:167&#xD;
                    </error>
                </testCaseResult>
                <testCaseResult type="FAILURE"
                                name="http://ehieatt-corp.corp.google.com:9090/jsunit/uploaded/uploaded_1146113937464.html:testAssertTrue"
                                time="0.0">
                    <failure>"true should be true"&#xD;
                        Call to assertTrue(boolean) with false&#xD;
                        &#xD;
                        Stack trace follows:&#xD;
                        &gt; JsUnitException&#xD;
                        &gt; _assert&#xD;

                        &gt; assertTrue&#xD;
                        &gt; testAssertTrue&#xD;
                    </failure>
                </testCaseResult>
                <testCaseResult type="FAILURE"
                                name="http://ehieatt-corp.corp.google.com:9090/jsunit/uploaded/uploaded_1146113937464.html:testAssert"
                                time="0.0">
                    <failure>"true should be true"&#xD;
                        Call to assert(boolean) with false&#xD;
                        &#xD;
                        Stack trace follows:&#xD;
                        &gt; JsUnitException&#xD;
                        &gt; _assert&#xD;

                        &gt; assert&#xD;
                        &gt; testAssert&#xD;
                    </failure>
                </testCaseResult>
            </testCaseResults>
        </browserResult>
        <browserResult type="ERROR" id="1146113937464" time="1.161">
            <browser>
                <fullFileName>c:\program files\internet explorer\iexplore.exe;;Internet Explorer 7.0alpha</fullFileName>
                <id>0</id>
                <displayName>Internet Explorer 7.0alpha</displayName>
                <logoPath>/jsunit/images/logo_ie.gif</logoPath>
            </browser>
            <properties>
                <property name="jsUnitVersion" value="2.2"/>
                <property name="userAgent" value="Mozilla/4.0 (compatible; MSIE 7.0; Windows NT 5.1)"/>
                <property name="remoteAddress" value="127.0.0.1"/>
                <property name="url"
                          value="http://EHIEATT-CORP.corp.google.com:9090/jsunit/uploaded/uploaded_1146113937464.html"/>
            </properties>
            <testCaseResults>
                <testCaseResult type="FAILURE"
                                name="http://ehieatt-corp.corp.google.com:9090/jsunit/uploaded/uploaded_1146113937464.html:testAssert"
                                time="0.0">
                    <failure>"true should be true"
                        Call to assert(boolean) with false

                        Stack trace follows:
                        &gt; JsUnitException
                        &gt; _assert
                        &gt; assert

                        &gt; testAssert
                    </failure>
                </testCaseResult>
                <testCaseResult type="FAILURE"
                                name="http://ehieatt-corp.corp.google.com:9090/jsunit/uploaded/uploaded_1146113937464.html:testAssertTrue"
                                time="0.0">
                    <failure>"true should be true"
                        Call to assertTrue(boolean) with false

                        Stack trace follows:
                        &gt; JsUnitException
                        &gt; _assert
                        &gt; assertTrue
                        &gt; testAssertTrue
                    </failure>
                </testCaseResult>
                <testCaseResult type="ERROR"
                                name="http://ehieatt-corp.corp.google.com:9090/jsunit/uploaded/uploaded_1146113937464.html:testAssertFalse"
                                time="0.0">
                    <error>Error message is:
                        "Object expected"</error>
                </testCaseResult>
                <testCaseResult type="ERROR"
                                name="http://ehieatt-corp.corp.google.com:9090/jsunit/uploaded/uploaded_1146113937464.html:testAssertEquals"
                                time="0.01">
                    <error>Error message is:
                        "Object expected"</error>
                </testCaseResult>
                <testCaseResult type="SUCCESS"
                                name="http://ehieatt-corp.corp.google.com:9090/jsunit/uploaded/uploaded_1146113937464.html:testAssertNotEquals"
                                time="0.0"/>
                <testCaseResult type="SUCCESS"
                                name="http://ehieatt-corp.corp.google.com:9090/jsunit/uploaded/uploaded_1146113937464.html:testAssertNull"
                                time="0.0"/>
                <testCaseResult type="SUCCESS"
                                name="http://ehieatt-corp.corp.google.com:9090/jsunit/uploaded/uploaded_1146113937464.html:testAssertNotNull"
                                time="0.0"/>
                <testCaseResult type="SUCCESS"
                                name="http://ehieatt-corp.corp.google.com:9090/jsunit/uploaded/uploaded_1146113937464.html:testAssertUndefined"
                                time="0.01"/>
                <testCaseResult type="SUCCESS"
                                name="http://ehieatt-corp.corp.google.com:9090/jsunit/uploaded/uploaded_1146113937464.html:testAssertNotUndefined"
                                time="0.01"/>
                <testCaseResult type="SUCCESS"
                                name="http://ehieatt-corp.corp.google.com:9090/jsunit/uploaded/uploaded_1146113937464.html:testAssertNaN"
                                time="0.0"/>
                <testCaseResult type="SUCCESS"
                                name="http://ehieatt-corp.corp.google.com:9090/jsunit/uploaded/uploaded_1146113937464.html:testAssertNotNaN"
                                time="0.0"/>
                <testCaseResult type="SUCCESS"
                                name="http://ehieatt-corp.corp.google.com:9090/jsunit/uploaded/uploaded_1146113937464.html:testFail"
                                time="0.0"/>
                <testCaseResult type="SUCCESS"
                                name="http://ehieatt-corp.corp.google.com:9090/jsunit/uploaded/uploaded_1146113937464.html:testTooFewArguments"
                                time="0.0"/>
                <testCaseResult type="SUCCESS"
                                name="http://ehieatt-corp.corp.google.com:9090/jsunit/uploaded/uploaded_1146113937464.html:testTooManyArguments"
                                time="0.0"/>
                <testCaseResult type="SUCCESS"
                                name="http://ehieatt-corp.corp.google.com:9090/jsunit/uploaded/uploaded_1146113937464.html:testInvalidCommentArgumentType"
                                time="0.0"/>
                <testCaseResult type="SUCCESS"
                                name="http://ehieatt-corp.corp.google.com:9090/jsunit/uploaded/uploaded_1146113937464.html:testInvalidArgumentType"
                                time="0.0"/>
                <testCaseResult type="SUCCESS"
                                name="http://ehieatt-corp.corp.google.com:9090/jsunit/uploaded/uploaded_1146113937464.html:testAssertArrayEquals"
                                time="0.03"/>
                <testCaseResult type="SUCCESS"
                                name="http://ehieatt-corp.corp.google.com:9090/jsunit/uploaded/uploaded_1146113937464.html:testAssertObjectEquals"
                                time="0.01"/>
                <testCaseResult type="SUCCESS"
                                name="http://ehieatt-corp.corp.google.com:9090/jsunit/uploaded/uploaded_1146113937464.html:testAssertObjectEqualsOnStrings"
                                time="0.01"/>
                <testCaseResult type="SUCCESS"
                                name="http://ehieatt-corp.corp.google.com:9090/jsunit/uploaded/uploaded_1146113937464.html:testAssertObjectEqualsOnNumbers"
                                time="0.02"/>
                <testCaseResult type="SUCCESS"
                                name="http://ehieatt-corp.corp.google.com:9090/jsunit/uploaded/uploaded_1146113937464.html:testAssertEvaluatesToTrue"
                                time="0.0"/>
                <testCaseResult type="SUCCESS"
                                name="http://ehieatt-corp.corp.google.com:9090/jsunit/uploaded/uploaded_1146113937464.html:testAssertEvaluatesToFalse"
                                time="0.0"/>
                <testCaseResult type="SUCCESS"
                                name="http://ehieatt-corp.corp.google.com:9090/jsunit/uploaded/uploaded_1146113937464.html:testAssertHTMLEquals"
                                time="0.0"/>
                <testCaseResult type="SUCCESS"
                                name="http://ehieatt-corp.corp.google.com:9090/jsunit/uploaded/uploaded_1146113937464.html:testAssertHashEquals"
                                time="0.01"/>
                <testCaseResult type="SUCCESS"
                                name="http://ehieatt-corp.corp.google.com:9090/jsunit/uploaded/uploaded_1146113937464.html:testAssertRoughlyEquals"
                                time="0.01"/>
                <testCaseResult type="SUCCESS"
                                name="http://ehieatt-corp.corp.google.com:9090/jsunit/uploaded/uploaded_1146113937464.html:testAssertContains"
                                time="0.0"/>
            </testCaseResults>
        </browserResult>
    </testRunResult>
    <testRunResult type="ERROR" url="http://localhost:8081/jsunit">
        <platform>
            <name>Windows</name>
            <logoPath>/jsunit/images/logo_windows.gif</logoPath>
        </platform>
        <properties>
            <property name="os" value="x86 - Windows XP"/>
            <property name="ipAddress" value="192.168.1.103"/>
            <property name="hostname" value="EHIEATT-CORP.corp.google.com"/>
        </properties>
        <browserResult type="ERROR" id="1146113937464" time="0.872">
            <browser>
                <fullFileName>c:\program files\internet explorer\iexplore.exe;;Internet Explorer 7.0alpha</fullFileName>
                <id>0</id>
                <displayName>Internet Explorer 7.0alpha</displayName>
                <logoPath>/jsunit/images/logo_ie.gif</logoPath>
            </browser>
            <properties>
                <property name="jsUnitVersion" value="2.2"/>
                <property name="userAgent" value="Mozilla/4.0 (compatible; MSIE 7.0; Windows NT 5.1)"/>
                <property name="remoteAddress" value="127.0.0.1"/>
                <property name="url"
                          value="http://EHIEATT-CORP.corp.google.com:9090/jsunit/uploaded/uploaded_1146113937464.html"/>
            </properties>
            <testCaseResults>
                <testCaseResult type="FAILURE"
                                name="http://ehieatt-corp.corp.google.com:9090/jsunit/uploaded/uploaded_1146113937464.html:testAssert"
                                time="0.0">
                    <failure>"true should be true"
                        Call to assert(boolean) with false

                        Stack trace follows:

                        &gt; JsUnitException
                        &gt; _assert
                        &gt; assert
                        &gt; testAssert
                    </failure>
                </testCaseResult>
                <testCaseResult type="FAILURE"
                                name="http://ehieatt-corp.corp.google.com:9090/jsunit/uploaded/uploaded_1146113937464.html:testAssertTrue"
                                time="0.0">
                    <failure>"true should be true"
                        Call to assertTrue(boolean) with false

                        Stack trace follows:
                        &gt; JsUnitException
                        &gt; _assert
                        &gt; assertTrue
                        &gt; testAssertTrue

                    </failure>
                </testCaseResult>
                <testCaseResult type="ERROR"
                                name="http://ehieatt-corp.corp.google.com:9090/jsunit/uploaded/uploaded_1146113937464.html:testAssertFalse"
                                time="0.0">
                    <error>Error message is:
                        "Object expected"</error>
                </testCaseResult>
                <testCaseResult type="ERROR"
                                name="http://ehieatt-corp.corp.google.com:9090/jsunit/uploaded/uploaded_1146113937464.html:testAssertEquals"
                                time="0.0">
                    <error>Error message is:
                        "Object expected"</error>
                </testCaseResult>
                <testCaseResult type="SUCCESS"
                                name="http://ehieatt-corp.corp.google.com:9090/jsunit/uploaded/uploaded_1146113937464.html:testAssertNotEquals"
                                time="0.02"/>
                <testCaseResult type="SUCCESS"
                                name="http://ehieatt-corp.corp.google.com:9090/jsunit/uploaded/uploaded_1146113937464.html:testAssertNull"
                                time="0.0"/>
                <testCaseResult type="SUCCESS"
                                name="http://ehieatt-corp.corp.google.com:9090/jsunit/uploaded/uploaded_1146113937464.html:testAssertNotNull"
                                time="0.0"/>
                <testCaseResult type="SUCCESS"
                                name="http://ehieatt-corp.corp.google.com:9090/jsunit/uploaded/uploaded_1146113937464.html:testAssertUndefined"
                                time="0.0"/>
                <testCaseResult type="SUCCESS"
                                name="http://ehieatt-corp.corp.google.com:9090/jsunit/uploaded/uploaded_1146113937464.html:testAssertNotUndefined"
                                time="0.0"/>
                <testCaseResult type="SUCCESS"
                                name="http://ehieatt-corp.corp.google.com:9090/jsunit/uploaded/uploaded_1146113937464.html:testAssertNaN"
                                time="0.0"/>
                <testCaseResult type="SUCCESS"
                                name="http://ehieatt-corp.corp.google.com:9090/jsunit/uploaded/uploaded_1146113937464.html:testAssertNotNaN"
                                time="0.0"/>
                <testCaseResult type="SUCCESS"
                                name="http://ehieatt-corp.corp.google.com:9090/jsunit/uploaded/uploaded_1146113937464.html:testFail"
                                time="0.0"/>
                <testCaseResult type="SUCCESS"
                                name="http://ehieatt-corp.corp.google.com:9090/jsunit/uploaded/uploaded_1146113937464.html:testTooFewArguments"
                                time="0.0"/>
                <testCaseResult type="SUCCESS"
                                name="http://ehieatt-corp.corp.google.com:9090/jsunit/uploaded/uploaded_1146113937464.html:testTooManyArguments"
                                time="0.0"/>
                <testCaseResult type="SUCCESS"
                                name="http://ehieatt-corp.corp.google.com:9090/jsunit/uploaded/uploaded_1146113937464.html:testInvalidCommentArgumentType"
                                time="0.0"/>
                <testCaseResult type="SUCCESS"
                                name="http://ehieatt-corp.corp.google.com:9090/jsunit/uploaded/uploaded_1146113937464.html:testInvalidArgumentType"
                                time="0.0"/>
                <testCaseResult type="SUCCESS"
                                name="http://ehieatt-corp.corp.google.com:9090/jsunit/uploaded/uploaded_1146113937464.html:testAssertArrayEquals"
                                time="0.01"/>
                <testCaseResult type="SUCCESS"
                                name="http://ehieatt-corp.corp.google.com:9090/jsunit/uploaded/uploaded_1146113937464.html:testAssertObjectEquals"
                                time="0.01"/>
                <testCaseResult type="SUCCESS"
                                name="http://ehieatt-corp.corp.google.com:9090/jsunit/uploaded/uploaded_1146113937464.html:testAssertObjectEqualsOnStrings"
                                time="0.0"/>
                <testCaseResult type="SUCCESS"
                                name="http://ehieatt-corp.corp.google.com:9090/jsunit/uploaded/uploaded_1146113937464.html:testAssertObjectEqualsOnNumbers"
                                time="0.0"/>
                <testCaseResult type="SUCCESS"
                                name="http://ehieatt-corp.corp.google.com:9090/jsunit/uploaded/uploaded_1146113937464.html:testAssertEvaluatesToTrue"
                                time="0.0"/>
                <testCaseResult type="SUCCESS"
                                name="http://ehieatt-corp.corp.google.com:9090/jsunit/uploaded/uploaded_1146113937464.html:testAssertEvaluatesToFalse"
                                time="0.01"/>
                <testCaseResult type="SUCCESS"
                                name="http://ehieatt-corp.corp.google.com:9090/jsunit/uploaded/uploaded_1146113937464.html:testAssertHTMLEquals"
                                time="0.0"/>
                <testCaseResult type="SUCCESS"
                                name="http://ehieatt-corp.corp.google.com:9090/jsunit/uploaded/uploaded_1146113937464.html:testAssertHashEquals"
                                time="0.0"/>
                <testCaseResult type="SUCCESS"
                                name="http://ehieatt-corp.corp.google.com:9090/jsunit/uploaded/uploaded_1146113937464.html:testAssertRoughlyEquals"
                                time="0.0"/>
                <testCaseResult type="SUCCESS"
                                name="http://ehieatt-corp.corp.google.com:9090/jsunit/uploaded/uploaded_1146113937464.html:testAssertContains"
                                time="0.0"/>
            </testCaseResults>
        </browserResult>
    </testRunResult>
</distributedTestRunResult>
